Using pre-set license

 COMMAND LINE ARGUMENTS:
/Applications/Unity/Hub/Editor/2021.1.1f1/Unity.app/Contents/MacOS/Unity
-adb2
-batchMode
-noUpm
-name
AssetImportWorker0
-projectPath
/Users/baozi/Documents/research/mobs
-logFile
Logs/AssetImportWorker0.log
-srvPort
59969
Successfully changed project path to: /Users/baozi/Documents/research/mobs
/Users/baozi/Documents/research/mobs
Using Asset Import Pipeline V2.
Refreshing native plugins compatible for Editor in 114.77 ms, found 3 plugins.
Preloading 0 native plugins for Editor in 0.00 ms.
Initialize engine version: 2021.1.1f1 (6fdc41dfa55a)
[Subsystems] Discovering subsystems at path /Applications/Unity/Hub/Editor/2021.1.1f1/Unity.app/Contents/Resources/UnitySubsystems
[Subsystems] Discovering subsystems at path /Users/baozi/Documents/research/mobs/Assets
GfxDevice: creating device client; threaded=0; jobified=0
2021-05-17 13:46:55.282 Unity[42922:2139252] Color LCD preferred device: Intel(R) HD Graphics 515 (low power)
2021-05-17 13:46:55.282 Unity[42922:2139252] Metal devices available: 1
2021-05-17 13:46:55.282 Unity[42922:2139252] 0: Intel(R) HD Graphics 515 (low power)
2021-05-17 13:46:55.283 Unity[42922:2139252] Using device Intel(R) HD Graphics 515 (low power)
Initializing Metal device caps: Intel(R) HD Graphics 515
Initialize mono
Mono path[0] = '/Applications/Unity/Hub/Editor/2021.1.1f1/Unity.app/Contents/Managed'
Mono path[1] = '/Applications/Unity/Hub/Editor/2021.1.1f1/Unity.app/Contents/MonoBleedingEdge/lib/mono/unityjit'
Mono config path = '/Applications/Unity/Hub/Editor/2021.1.1f1/Unity.app/Contents/MonoBleedingEdge/etc'
Using monoOptions --debugger-agent=transport=dt_socket,embedding=1,server=y,suspend=n,address=127.0.0.1:56922
Begin MonoManager ReloadAssembly
Registering precompiled unity dll's ...
Register platform support module: /Applications/Unity/Hub/Editor/2021.1.1f1/Unity.app/Contents/PlaybackEngines/MacStandaloneSupport/UnityEditor.OSXStandalone.Extensions.dll
Registered in 0.003971 seconds.
Native extension for OSXStandalone target not found
Refreshing native plugins compatible for Editor in 59.36 ms, found 3 plugins.
Preloading 0 native plugins for Editor in 0.00 ms.
Mono: successfully reloaded assembly
- Completed reload, in  6.524 seconds
Platform modules already initialized, skipping
Registering precompiled user dll's ...
Registered in 0.003191 seconds.
Begin MonoManager ReloadAssembly
Native extension for OSXStandalone target not found
Refreshing native plugins compatible for Editor in 0.62 ms, found 3 plugins.
Preloading 0 native plugins for Editor in 0.00 ms.
Mono: successfully reloaded assembly
- Completed reload, in  2.023 seconds
Platform modules already initialized, skipping
========================================================================
Worker process is ready to serve import requests
Launching external process: /Applications/Unity/Hub/Editor/2021.1.1f1/Unity.app/Contents/Tools/UnityShaderCompiler
Launched and connected shader compiler UnityShaderCompiler after 0.20 seconds
Refreshing native plugins compatible for Editor in 0.56 ms, found 3 plugins.
Preloading 0 native plugins for Editor in 0.00 ms.
Unloading 1397 Unused Serialized files (Serialized files now loaded: 0)
System memory in use before: 130.1 MB.
System memory in use after: 130.1 MB.

Unloading 16 unused Assets to reduce memory usage. Loaded Objects now: 1859.
Total: 2.986188 ms (FindLiveObjects: 0.220103 ms CreateObjectMapping: 0.068308 ms MarkObjects: 2.583020 ms  DeleteObjects: 0.113278 ms)

========================================================================
Received Import Request.
  path: Assets/InventorySeries/InventorySeries/Art/designs01.psd
  artifactKey: Guid(9e545f848fd7d4e71b5cdc5dd491c5c6) Importer(815301076,1909f56bfc062723c751e8b465ee728b)
Start importing Assets/InventorySeries/InventorySeries/Art/designs01.psd using Guid(9e545f848fd7d4e71b5cdc5dd491c5c6) Importer(815301076,1909f56bfc062723c751e8b465ee728b)  -> (artifact id: '9d23f81b7e7982fa893cebf45904ebd8') in 0.990326 seconds 
========================================================================
Received Import Request.
  Time since last request: 40.839168 seconds.
  path: Assets/InventorySeries/InventorySeries/Packages/manifest.json
  artifactKey: Guid(cdc641a118be643179bfa38386d30c04) Importer(815301076,1909f56bfc062723c751e8b465ee728b)
Start importing Assets/InventorySeries/InventorySeries/Packages/manifest.json using Guid(cdc641a118be643179bfa38386d30c04) Importer(815301076,1909f56bfc062723c751e8b465ee728b)  -> (artifact id: '327c5c2b445df230f973a5238dedc8d4') in 0.862378 seconds 
========================================================================
Received Import Request.
  Time since last request: 20.119446 seconds.
  path: Assets/InventorySeries/InventorySeries/ProjectSettings/ProjectVersion.txt
  artifactKey: Guid(ee67bbf8eaee74c60a5db1d057dd0da3) Importer(815301076,1909f56bfc062723c751e8b465ee728b)
Start importing Assets/InventorySeries/InventorySeries/ProjectSettings/ProjectVersion.txt using Guid(ee67bbf8eaee74c60a5db1d057dd0da3) Importer(815301076,1909f56bfc062723c751e8b465ee728b)  -> (artifact id: 'fb0f41b5fb273e75ecc94e92a983c4ea') in 0.906851 seconds 
========================================================================
Received Prepare
Registering precompiled user dll's ...
Registered in 0.003430 seconds.
Begin MonoManager ReloadAssembly
Native extension for OSXStandalone target not found
Refreshing native plugins compatible for Editor in 0.52 ms, found 3 plugins.
Preloading 0 native plugins for Editor in 0.00 ms.
Mono: successfully reloaded assembly
- Completed reload, in  1.968 seconds
Platform modules already initialized, skipping
Refreshing native plugins compatible for Editor in 0.53 ms, found 3 plugins.
Preloading 0 native plugins for Editor in 0.00 ms.
Unloading 1375 Unused Serialized files (Serialized files now loaded: 0)
System memory in use before: 142.7 MB.
System memory in use after: 142.8 MB.

Unloading 18 unused Assets to reduce memory usage. Loaded Objects now: 1871.
Total: 3.485138 ms (FindLiveObjects: 0.303780 ms CreateObjectMapping: 0.132195 ms MarkObjects: 3.011398 ms  DeleteObjects: 0.036137 ms)

========================================================================
Received Import Request.
  Time since last request: 132.795609 seconds.
  path: Assets/InventorySeries/InventorySeries/Assets/Prefabs/Buttons/FoodButton.prefab
  artifactKey: Guid(d0cc430a0aadf7341b6f1168d16d0fa4) Importer(815301076,1909f56bfc062723c751e8b465ee728b)
Start importing Assets/InventorySeries/InventorySeries/Assets/Prefabs/Buttons/FoodButton.prefab using Guid(d0cc430a0aadf7341b6f1168d16d0fa4) Importer(815301076,1909f56bfc062723c751e8b465ee728b)  -> (artifact id: 'c6eb6e21065e4ff97d9438ee5d9ee004') in 0.680395 seconds 
========================================================================
Received Prepare
Registering precompiled user dll's ...
Registered in 0.011684 seconds.
Begin MonoManager ReloadAssembly
Native extension for OSXStandalone target not found
Refreshing native plugins compatible for Editor in 1.01 ms, found 3 plugins.
Preloading 0 native plugins for Editor in 0.00 ms.
Mono: successfully reloaded assembly
- Completed reload, in  7.636 seconds
Platform modules already initialized, skipping
Refreshing native plugins compatible for Editor in 1.51 ms, found 3 plugins.
Preloading 0 native plugins for Editor in 0.00 ms.
Unloading 1375 Unused Serialized files (Serialized files now loaded: 0)
System memory in use before: 147.2 MB.
System memory in use after: 147.3 MB.

Unloading 11 unused Assets to reduce memory usage. Loaded Objects now: 1874.
Total: 12.018880 ms (FindLiveObjects: 0.446365 ms CreateObjectMapping: 0.257980 ms MarkObjects: 11.228343 ms  DeleteObjects: 0.081488 ms)

========================================================================
Received Import Request.
  Time since last request: 388.416889 seconds.
  path: Assets/Aytek/Scripts
  artifactKey: Guid(35556f5ce6561d942993c9317a72a1a9) Importer(815301076,1909f56bfc062723c751e8b465ee728b)
Start importing Assets/Aytek/Scripts using Guid(35556f5ce6561d942993c9317a72a1a9) Importer(815301076,1909f56bfc062723c751e8b465ee728b)  -> (artifact id: 'bf715b7ff7d24fcea2d9bae4096eacc7') in 0.011386 seconds 
========================================================================
Received Import Request.
  Time since last request: 36.447377 seconds.
  path: Assets/GameScript/Login.cs
  artifactKey: Guid(cbe97cb96d71f4ae5b622518e9a0a319) Importer(815301076,1909f56bfc062723c751e8b465ee728b)
Start importing Assets/GameScript/Login.cs using Guid(cbe97cb96d71f4ae5b622518e9a0a319) Importer(815301076,1909f56bfc062723c751e8b465ee728b)  -> (artifact id: '60cf747aa53f74406a2da14ceefab8ef') in 2.235423 seconds 
========================================================================
Received Prepare
Registering precompiled user dll's ...
Registered in 0.026854 seconds.
Begin MonoManager ReloadAssembly
Native extension for OSXStandalone target not found
Refreshing native plugins compatible for Editor in 1.55 ms, found 3 plugins.
Preloading 0 native plugins for Editor in 0.00 ms.
Mono: successfully reloaded assembly
- Completed reload, in  6.409 seconds
Platform modules already initialized, skipping
Refreshing native plugins compatible for Editor in 1.06 ms, found 3 plugins.
Preloading 0 native plugins for Editor in 0.00 ms.
Unloading 1375 Unused Serialized files (Serialized files now loaded: 0)
System memory in use before: 151.7 MB.
System memory in use after: 151.8 MB.

Unloading 11 unused Assets to reduce memory usage. Loaded Objects now: 1877.
Total: 6.642375 ms (FindLiveObjects: 0.458704 ms CreateObjectMapping: 0.276448 ms MarkObjects: 5.843303 ms  DeleteObjects: 0.060558 ms)

========================================================================
Received Import Request.
  Time since last request: 168.771922 seconds.
  path: Assets/Scenes/Sales.unity
  artifactKey: Guid(263ff09737fc1384bbed586239e6ce1c) Importer(815301076,1909f56bfc062723c751e8b465ee728b)
Start importing Assets/Scenes/Sales.unity using Guid(263ff09737fc1384bbed586239e6ce1c) Importer(815301076,1909f56bfc062723c751e8b465ee728b)  -> (artifact id: '6e7299cff32cadbf783e6fb441ba2eda') in 0.025359 seconds 
========================================================================
Received Prepare
Registering precompiled user dll's ...
Registered in 0.001740 seconds.
Begin MonoManager ReloadAssembly
Native extension for OSXStandalone target not found
Refreshing native plugins compatible for Editor in 0.77 ms, found 3 plugins.
Preloading 0 native plugins for Editor in 0.00 ms.
Mono: successfully reloaded assembly
- Completed reload, in  2.200 seconds
Platform modules already initialized, skipping
Refreshing native plugins compatible for Editor in 0.70 ms, found 3 plugins.
Preloading 0 native plugins for Editor in 0.00 ms.
Unloading 1375 Unused Serialized files (Serialized files now loaded: 0)
System memory in use before: 151.9 MB.
System memory in use after: 152.0 MB.

Unloading 11 unused Assets to reduce memory usage. Loaded Objects now: 1880.
Total: 3.407152 ms (FindLiveObjects: 0.240505 ms CreateObjectMapping: 0.075477 ms MarkObjects: 3.059897 ms  DeleteObjects: 0.029489 ms)

